<?xml version="1.0" encoding="UTF-8"?>
<!-- Generated by org.testng.reporters.JUnitReportReporter -->
<testsuite hostname="WorkSmart-PC" failures="0" tests="2" name="test_package.Login_testNG" time="31.119" errors="0" timestamp="2021-10-19T22:16:06 IST" skipped="0">
  <testcase classname="test_package.Login_testNG" name="logintest" time="3.289"/>
  <system-out/>
  <testcase classname="test_package.Login_testNG" name="logintest" time="27.830"/>
  <system-out/>
</testsuite> <!-- test_package.Login_testNG -->
