<?xml version="1.0" encoding="UTF-8"?>
<!-- Generated by org.testng.reporters.JUnitReportReporter -->
<testsuite hostname="WorkSmart-PC" failures="0" tests="2" name="test_package.Home_testNG" time="34.026" errors="0" timestamp="2021-10-19T22:16:06 IST" skipped="0">
  <testcase classname="test_package.Home_testNG" name="ordertab" time="10.147"/>
  <system-out/>
  <testcase classname="test_package.Home_testNG" name="ordertab" time="23.879"/>
  <system-out/>
</testsuite> <!-- test_package.Home_testNG -->
