<?xml version="1.0" encoding="UTF-8"?>
<!-- Generated by org.testng.reporters.JUnitReportReporter -->
<testsuite hostname="WorkSmart-PC" failures="0" tests="2" name="test_package.Login_testng" time="8.194" errors="0" timestamp="2021-10-23T15:41:50 IST" skipped="0">
  <testcase classname="test_package.Login_testng" name="logintes" time="7.654"/>
  <system-out/>
  <testcase classname="test_package.Login_testng" name="logintes" time="0.540"/>
  <system-out/>
</testsuite> <!-- test_package.Login_testng -->
